d:\data\project\mytest\git相关test\netcorecommonttest\task\cppconsole\debug\cppconsole.pch
d:\data\project\mytest\git相关test\netcorecommonttest\task\cppconsole\debug\vc142.pdb
d:\data\project\mytest\git相关test\netcorecommonttest\task\cppconsole\debug\pch.obj
d:\data\project\mytest\git相关test\netcorecommonttest\task\cppconsole\debug\cppconsole.obj
d:\data\project\mytest\git相关test\netcorecommonttest\task\cppconsole\debug\assemblyinfo.obj
d:\data\project\mytest\git相关test\netcorecommonttest\task\cppconsole\debug\.netframework,version=v4.0.assemblyattributes.obj
d:\data\project\mytest\git相关test\netcorecommonttest\task\debug\cppconsole.exe
d:\data\project\mytest\git相关test\netcorecommonttest\task\debug\cppconsole.pdb
d:\data\project\mytest\git相关test\netcorecommonttest\task\cppconsole\debug\cppconsole.tlog\metagen.write.1.tlog
d:\data\project\mytest\git相关test\netcorecommonttest\task\cppconsole\debug\app.res
d:\data\project\mytest\git相关test\netcorecommonttest\task\cppconsole\debug\cppconsole.tlog\cl.command.1.tlog
d:\data\project\mytest\git相关test\netcorecommonttest\task\cppconsole\debug\cppconsole.tlog\cl.read.1.tlog
d:\data\project\mytest\git相关test\netcorecommonttest\task\cppconsole\debug\cppconsole.tlog\cl.write.1.tlog
d:\data\project\mytest\git相关test\netcorecommonttest\task\cppconsole\debug\cppconsole.tlog\link.command.1.tlog
d:\data\project\mytest\git相关test\netcorecommonttest\task\cppconsole\debug\cppconsole.tlog\link.read.1.tlog
d:\data\project\mytest\git相关test\netcorecommonttest\task\cppconsole\debug\cppconsole.tlog\link.write.1.tlog
d:\data\project\mytest\git相关test\netcorecommonttest\task\cppconsole\debug\cppconsole.tlog\metagen.read.1.tlog
d:\data\project\mytest\git相关test\netcorecommonttest\task\cppconsole\debug\cppconsole.tlog\rc.command.1.tlog
d:\data\project\mytest\git相关test\netcorecommonttest\task\cppconsole\debug\cppconsole.tlog\rc.read.1.tlog
d:\data\project\mytest\git相关test\netcorecommonttest\task\cppconsole\debug\cppconsole.tlog\rc.write.1.tlog
d:\data\project\mytest\git相关test\netcorecommonttest\task\cppconsole\debug\cppconsole.tlog\testcpp.dll.metagen
